Using pre-set license
Built from '2020.3/staging' branch; Version is '2020.3.8f1 (507919d4fff5) revision 5273881'; Using compiler version '192528614'; Build Type 'Release'
OS: 'Windows 10 Pro; OS build 19042.985; Version 2009; 64bit' Language: 'pt' Physical Memory: 8136 MB
BatchMode: 1, IsHumanControllingUs: 0, StartBugReporterOnCrash: 0, Is64bit: 1, IsPro: 0

 COMMAND LINE ARGUMENTS:
C:\Program Files\Unity\Hub\Editor\2020.3.8f1\Editor\Unity.exe
-adb2
-batchMode
-noUpm
-name
AssetImportWorker0
-projectPath
C:/Projeto/Faculdade/OhataMaquinaDeEstado/MaquinaEstadoOhata
-logFile
Logs/AssetImportWorker0.log
-srvPort
52322
Successfully changed project path to: C:/Projeto/Faculdade/OhataMaquinaDeEstado/MaquinaEstadoOhata
C:/Projeto/Faculdade/OhataMaquinaDeEstado/MaquinaEstadoOhata
Using Asset Import Pipeline V2.
Refreshing native plugins compatible for Editor in 55.90 ms, found 0 plugins.
Preloading 0 native plugins for Editor in 0.00 ms.
Initialize engine version: 2020.3.8f1 (507919d4fff5)
[Subsystems] Discovering subsystems at path C:/Program Files/Unity/Hub/Editor/2020.3.8f1/Editor/Data/Resources/UnitySubsystems
[Subsystems] Discovering subsystems at path C:/Projeto/Faculdade/OhataMaquinaDeEstado/MaquinaEstadoOhata/Assets
GfxDevice: creating device client; threaded=0
Direct3D:
    Version:  Direct3D 11.0 [level 11.0]
    Renderer: NVIDIA GeForce GTX 750 Ti (ID=0x1380)
    Vendor:   
    VRAM:     2007 MB
    Driver:   27.21.14.6611
Initialize mono
Mono path[0] = 'C:/Program Files/Unity/Hub/Editor/2020.3.8f1/Editor/Data/Managed'
Mono path[1] = 'C:/Program Files/Unity/Hub/Editor/2020.3.8f1/Editor/Data/MonoBleedingEdge/lib/mono/unityjit'
Mono config path = 'C:/Program Files/Unity/Hub/Editor/2020.3.8f1/Editor/Data/MonoBleedingEdge/etc'
Using monoOptions --debugger-agent=transport=dt_socket,embedding=1,server=y,suspend=n,address=127.0.0.1:56888
Begin MonoManager ReloadAssembly
Registering precompiled unity dll's ...
Register platform support module: C:/Program Files/Unity/Hub/Editor/2020.3.8f1/Editor/Data/PlaybackEngines/WindowsStandaloneSupport/UnityEditor.WindowsStandalone.Extensions.dll
Registered in 0.002111 seconds.
Native extension for WindowsStandalone target not found
Refreshing native plugins compatible for Editor in 41.52 ms, found 0 plugins.
Preloading 0 native plugins for Editor in 0.00 ms.
Mono: successfully reloaded assembly
- Completed reload, in  2.315 seconds
Platform modules already initialized, skipping
Registering precompiled user dll's ...
Registered in 0.004331 seconds.
Begin MonoManager ReloadAssembly
Native extension for WindowsStandalone target not found
Refreshing native plugins compatible for Editor in 0.52 ms, found 0 plugins.
Preloading 0 native plugins for Editor in 0.00 ms.
Mono: successfully reloaded assembly
- Completed reload, in  1.539 seconds
Platform modules already initialized, skipping
========================================================================
Worker process is ready to serve import requests
Launched and connected shader compiler UnityShaderCompiler.exe after 0.14 seconds
Refreshing native plugins compatible for Editor in 0.49 ms, found 0 plugins.
Preloading 0 native plugins for Editor in 0.00 ms.
Unloading 1683 Unused Serialized files (Serialized files now loaded: 0)
System memory in use before: 73.0 MB.
System memory in use after: 73.0 MB.

Unloading 52 unused Assets to reduce memory usage. Loaded Objects now: 2097.
Total: 4.969900 ms (FindLiveObjects: 0.156400 ms CreateObjectMapping: 0.053800 ms MarkObjects: 4.669500 ms  DeleteObjects: 0.088900 ms)

========================================================================
Received Import Request.
  path: Assets/AIOhata.cs
  artifactKey: Guid(33d62a6b6b0066d4e9267e46eb5ac1cb) Importer(815301076,1909f56bfc062723c751e8b465ee728b)
Start importing Assets/AIOhata.cs using Guid(33d62a6b6b0066d4e9267e46eb5ac1cb) Importer(815301076,1909f56bfc062723c751e8b465ee728b)  -> (artifact id: 'ebb650c738e7519db30e169c75810b5c') in 0.327828 seconds
  Import took 0.622561 seconds .

========================================================================
Received Import Request.
  Time since last request: 171.309160 seconds.
  path: Assets/Panda/New Panda Script.BT.txt
  artifactKey: Guid(7a157e627922db749b6bda7e35df91d9) Importer(815301076,1909f56bfc062723c751e8b465ee728b)
Start importing Assets/Panda/New Panda Script.BT.txt using Guid(7a157e627922db749b6bda7e35df91d9) Importer(815301076,1909f56bfc062723c751e8b465ee728b)  -> (artifact id: 'e9c2f8f5710b77f0609984681a3984e7') in 0.080159 seconds
  Import took 0.083538 seconds .

========================================================================
Received Import Request.
  Time since last request: 17.260357 seconds.
  path: Assets/Panda/BoatAI.BT.txt
  artifactKey: Guid(7a157e627922db749b6bda7e35df91d9) Importer(815301076,1909f56bfc062723c751e8b465ee728b)
Start importing Assets/Panda/BoatAI.BT.txt using Guid(7a157e627922db749b6bda7e35df91d9) Importer(815301076,1909f56bfc062723c751e8b465ee728b)  -> (artifact id: '82b502c3f73801bfb2bc6a95aa94d0cb') in 0.014063 seconds
  Import took 0.030715 seconds .

========================================================================
Received Prepare
Registering precompiled user dll's ...
Registered in 0.004553 seconds.
Begin MonoManager ReloadAssembly
Native extension for WindowsStandalone target not found
Refreshing native plugins compatible for Editor in 0.52 ms, found 0 plugins.
Preloading 0 native plugins for Editor in 0.00 ms.
Mono: successfully reloaded assembly
- Completed reload, in  0.897 seconds
Platform modules already initialized, skipping
Refreshing native plugins compatible for Editor in 0.56 ms, found 0 plugins.
Preloading 0 native plugins for Editor in 0.00 ms.
Unloading 1678 Unused Serialized files (Serialized files now loaded: 0)
System memory in use before: 73.0 MB.
System memory in use after: 73.1 MB.

Unloading 43 unused Assets to reduce memory usage. Loaded Objects now: 2100.
Total: 5.691700 ms (FindLiveObjects: 0.194500 ms CreateObjectMapping: 0.102800 ms MarkObjects: 5.335200 ms  DeleteObjects: 0.057900 ms)

========================================================================
Received Import Request.
  Time since last request: 319.159378 seconds.
  path: Assets/Panda/BoatAI.BT.txt
  artifactKey: Guid(7a157e627922db749b6bda7e35df91d9) Importer(815301076,1909f56bfc062723c751e8b465ee728b)
Start importing Assets/Panda/BoatAI.BT.txt using Guid(7a157e627922db749b6bda7e35df91d9) Importer(815301076,1909f56bfc062723c751e8b465ee728b)  -> (artifact id: 'bd9228df00a94f181474a93cbadb98d9') in 0.020361 seconds
  Import took 0.049892 seconds .

========================================================================
Received Prepare
Registering precompiled user dll's ...
Registered in 0.003625 seconds.
Begin MonoManager ReloadAssembly
Native extension for WindowsStandalone target not found
Refreshing native plugins compatible for Editor in 0.69 ms, found 0 plugins.
Preloading 0 native plugins for Editor in 0.00 ms.
Mono: successfully reloaded assembly
- Completed reload, in  0.857 seconds
Platform modules already initialized, skipping
Refreshing native plugins compatible for Editor in 0.69 ms, found 0 plugins.
Preloading 0 native plugins for Editor in 0.00 ms.
Unloading 1678 Unused Serialized files (Serialized files now loaded: 0)
System memory in use before: 73.0 MB.
System memory in use after: 73.1 MB.

Unloading 43 unused Assets to reduce memory usage. Loaded Objects now: 2103.
Total: 5.014400 ms (FindLiveObjects: 0.159000 ms CreateObjectMapping: 0.055300 ms MarkObjects: 4.736700 ms  DeleteObjects: 0.062100 ms)

========================================================================
Received Import Request.
  Time since last request: 369.631280 seconds.
  path: Assets/Panda/BoatAI.BT.txt
  artifactKey: Guid(7a157e627922db749b6bda7e35df91d9) Importer(815301076,1909f56bfc062723c751e8b465ee728b)
Start importing Assets/Panda/BoatAI.BT.txt using Guid(7a157e627922db749b6bda7e35df91d9) Importer(815301076,1909f56bfc062723c751e8b465ee728b)  -> (artifact id: '04346a8af7c2f33dd76fa2329d4d8103') in 0.020907 seconds
  Import took 0.040279 seconds .

========================================================================
Received Import Request.
  Time since last request: 207.699711 seconds.
  path: Assets/Panda/BoatAI.BT.txt
  artifactKey: Guid(7a157e627922db749b6bda7e35df91d9) Importer(815301076,1909f56bfc062723c751e8b465ee728b)
Start importing Assets/Panda/BoatAI.BT.txt using Guid(7a157e627922db749b6bda7e35df91d9) Importer(815301076,1909f56bfc062723c751e8b465ee728b)  -> (artifact id: 'ba85c04fad9c4c10d3a06720246abda3') in 0.007451 seconds
  Import took 0.027154 seconds .

========================================================================
Received Prepare
Registering precompiled user dll's ...
Registered in 0.003238 seconds.
Begin MonoManager ReloadAssembly
Native extension for WindowsStandalone target not found
Refreshing native plugins compatible for Editor in 0.59 ms, found 0 plugins.
Preloading 0 native plugins for Editor in 0.00 ms.
Mono: successfully reloaded assembly
- Completed reload, in  0.961 seconds
Platform modules already initialized, skipping
Refreshing native plugins compatible for Editor in 0.72 ms, found 0 plugins.
Preloading 0 native plugins for Editor in 0.00 ms.
Unloading 1678 Unused Serialized files (Serialized files now loaded: 0)
System memory in use before: 73.1 MB.
System memory in use after: 73.1 MB.

Unloading 43 unused Assets to reduce memory usage. Loaded Objects now: 2106.
Total: 4.971300 ms (FindLiveObjects: 0.156600 ms CreateObjectMapping: 0.054800 ms MarkObjects: 4.695600 ms  DeleteObjects: 0.063200 ms)

